<?xml version="1.0" encoding="UTF-8"?>
<testsuites>
  <testsuite name="CoPilot Test Suite" tests="2" failures="0" errors="0">
    <testcase name="Server Test Fails" time="1746202504.506823142">
      <failure message="Error running the Python script">Foobar</failure>
    </testcase>
    <testcase name="Server Test Pass" time="1746202504.518084837">
    </testcase>
  </testsuite>
</testsuites>
